mer. déc. 28 17:51:16 2011 Cron: checking for running lipsync processes
mer. déc. 28 17:51:16 2011 Cron: found 0 running helenasync processes
-------- Retrieving updates : sergio@home.afanou.com:/media/DATA/SERGIO-PC/sergio/documents/ -> /home/fullbright/Documents/Personnel/sergio/documents/
2011/12/28 17:51:18 [23159] building file list
2011/12/28 17:51:18 [23159] rsync: change_dir "/home/fullbright/Documents/Personnel/sergio/documents" failed: No such file or directory (2)
2011/12/28 17:51:18 [23159] Number of files: 0
2011/12/28 17:51:18 [23159] Number of files transferred: 0
2011/12/28 17:51:18 [23159] Total file size: 0 bytes
2011/12/28 17:51:18 [23159] Total transferred file size: 0 bytes
2011/12/28 17:51:18 [23159] Literal data: 0 bytes
2011/12/28 17:51:18 [23159] Matched data: 0 bytes
2011/12/28 17:51:18 [23159] File list size: 3
2011/12/28 17:51:18 [23159] File list generation time: 0.001 seconds
2011/12/28 17:51:18 [23159] File list transfer time: 0.000 seconds
2011/12/28 17:51:18 [23159] Total bytes sent: 492
2011/12/28 17:51:18 [23159] Total bytes received: 12
2011/12/28 17:51:18 [23159] sent 492 bytes  received 12 bytes  201.60 bytes/sec
2011/12/28 17:51:18 [23159] total size is 0  speedup is 0.00
2011/12/28 17:51:18 [23159] rsync error: some files/attrs were not transferred (see previous errors) (code 23) at main.c(1070) [sender=3.0.8]
-------- Done
mer. déc. 28 17:51:18 2011 Cron: updated home.afanou.com -> gpartner-laptop
Waiting 5 seconds ...
Woke up !
mer. déc. 28 17:52:57 2011 Cron: checking for running lipsync processes
mer. déc. 28 17:52:57 2011 Cron: found 0 running helenasync processes
-------- Retrieving updates : sergio@home.afanou.com:/media/DATA/SERGIO-PC/sergio/documents/ -> /home/fullbright/Documents/Personnel/documents/
2011/12/28 17:52:59 [23229] building file list
2011/12/28 17:53:00 [23229] Number of files: 3773
2011/12/28 17:53:00 [23229] Number of files transferred: 0
2011/12/28 17:53:00 [23229] Total file size: 3139901166 bytes
2011/12/28 17:53:00 [23229] Total transferred file size: 0 bytes
2011/12/28 17:53:00 [23229] Literal data: 0 bytes
2011/12/28 17:53:00 [23229] Matched data: 0 bytes
2011/12/28 17:53:00 [23229] File list size: 123180
2011/12/28 17:53:00 [23229] File list generation time: 0.001 seconds
2011/12/28 17:53:00 [23229] File list transfer time: 0.000 seconds
2011/12/28 17:53:00 [23229] Total bytes sent: 123957
2011/12/28 17:53:00 [23229] Total bytes received: 296
2011/12/28 17:53:00 [23229] sent 123957 bytes  received 296 bytes  35500.86 bytes/sec
2011/12/28 17:53:00 [23229] total size is 3139901166  speedup is 25270.22
-------- Done
mer. déc. 28 17:53:00 2011 Cron: updated home.afanou.com -> gpartner-laptop
Waiting 5 seconds ...
Woke up !
mer. déc. 28 17:53:24 2011 Cron: checking for running lipsync processes
mer. déc. 28 17:53:24 2011 Cron: found 0 running helenasync processes
-------- Retrieving updates : sergio@home.afanou.com:/media/DATA/SERGIO-PC/Professionel/ -> /home/fullbright/Documents/Professionel/
2011/12/28 17:53:25 [23266] building file list
2011/12/28 17:53:25 [23266] rsync: change_dir "/home/fullbright/Documents/Professionel" failed: No such file or directory (2)
2011/12/28 17:53:26 [23266] Number of files: 0
2011/12/28 17:53:26 [23266] Number of files transferred: 0
2011/12/28 17:53:26 [23266] Total file size: 0 bytes
2011/12/28 17:53:26 [23266] Total transferred file size: 0 bytes
2011/12/28 17:53:26 [23266] Literal data: 0 bytes
2011/12/28 17:53:26 [23266] Matched data: 0 bytes
2011/12/28 17:53:26 [23266] File list size: 3
2011/12/28 17:53:26 [23266] File list generation time: 0.001 seconds
2011/12/28 17:53:26 [23266] File list transfer time: 0.000 seconds
2011/12/28 17:53:26 [23266] Total bytes sent: 492
2011/12/28 17:53:26 [23266] Total bytes received: 12
2011/12/28 17:53:26 [23266] sent 492 bytes  received 12 bytes  201.60 bytes/sec
2011/12/28 17:53:26 [23266] total size is 0  speedup is 0.00
2011/12/28 17:53:26 [23266] rsync error: some files/attrs were not transferred (see previous errors) (code 23) at main.c(1070) [sender=3.0.8]
-------- Done
mer. déc. 28 17:53:26 2011 Cron: updated home.afanou.com -> gpartner-laptop
Waiting 5 seconds ...
Woke up !
mer. déc. 28 17:54:18 2011 Cron: checking for running lipsync processes
mer. déc. 28 17:54:18 2011 Cron: found 0 running helenasync processes
-------- Retrieving updates : sergio@home.afanou.com:/media/DATA/SERGIO-PC/Professionel/ -> /home/fullbright/Documents/Professionnel/
2011/12/28 17:54:19 [23318] building file list
2011/12/28 17:54:24 [23318] .d..t...... Projets/
2011/12/28 17:54:25 [23318] .d..t...... Projets/ORPI/
2011/12/28 17:54:25 [23318] <f+++++++++ Projets/ORPI/ORPI - Created resources - Google Apps - Users - Orgs membership - All.csv
2011/12/28 17:54:25 [23318] <f+++++++++ Projets/ORPI/ORPI - Created resources - Google Apps.ods
2011/12/28 17:54:25 [23318] <f+++++++++ Projets/ORPI/verification_fwd.log
2011/12/28 17:54:25 [23318] cd+++++++++ Projets/Teralibris/
2011/12/28 17:54:25 [23318] <f+++++++++ Projets/Teralibris/image_preview.jpg
2011/12/28 17:54:25 [23318] <f+++++++++ Projets/Teralibris/image_preview_red.jpg
2011/12/28 17:54:25 [23318] .d..t...... Projets/faiveley/AuditingTool/
2011/12/28 17:54:25 [23318] *deleting   Projets/faiveley/AuditingTool/job_gpartnerProjets_oct2011_faiveleyTransport-AuditingTool.pdf
2011/12/28 17:54:35 [23318] Number of files: 6203
2011/12/28 17:54:35 [23318] Number of files transferred: 5
2011/12/28 17:54:35 [23318] Total file size: 826082227 bytes
2011/12/28 17:54:35 [23318] Total transferred file size: 834255 bytes
2011/12/28 17:54:35 [23318] Literal data: 834255 bytes
2011/12/28 17:54:35 [23318] Matched data: 0 bytes
2011/12/28 17:54:35 [23318] File list size: 150803
2011/12/28 17:54:35 [23318] File list generation time: 0.001 seconds
2011/12/28 17:54:35 [23318] File list transfer time: 0.000 seconds
2011/12/28 17:54:35 [23318] Total bytes sent: 986727
2011/12/28 17:54:35 [23318] Total bytes received: 972
2011/12/28 17:54:35 [23318] sent 986727 bytes  received 972 bytes  59860.55 bytes/sec
2011/12/28 17:54:35 [23318] total size is 826082227  speedup is 836.37
-------- Done
mer. déc. 28 17:54:35 2011 Cron: updated home.afanou.com -> gpartner-laptop
Waiting 5 seconds ...
Woke up !
Wed Dec 28 17:57:36 2011 Normal: recursive startup rsync: /home/fullbright/scripts/ -> sergio@home.afanou.com:/media/DATA/SERGIO-PC/sergio/syncwin/
sending incremental file list

sent 1923 bytes  received 22 bytes  1296.67 bytes/sec
total size is 5891582  speedup is 3029.09
mer. déc. 28 17:59:04 2011 Daemon: helenasyncd is stopping
Wed Dec 28 17:59:04 2011 Normal: --- TERM signal, fading ---
mer. déc. 28 17:59:17 2011 Daemon: helenasyncd has started as pid 23452
Retrieving data from servers
No  process running. Exiting ...
Wed Dec 28 17:59:18 2011 Normal: recursive startup rsync: /home/fullbright/scripts/ -> sergio@home.afanou.com:/media/DATA/SERGIO-PC/sergio/syncwin/
sending incremental file list

sent 1923 bytes  received 22 bytes  1296.67 bytes/sec
total size is 5891582  speedup is 3029.09
Wed Dec 28 18:00:18 2011 Normal: Calling rsync with filter-list of new/modified files/dirs
/.goutputstream-5ZEZ6V
/
/zen-rings1.lua
/zen-rings1.lua~
sending incremental file list
./
zen-rings1.lua
zen-rings1.lua~

sent 4629 bytes  received 89 bytes  1887.20 bytes/sec
total size is 7818  speedup is 1.66
jeu. déc. 29 10:32:38 2011 Daemon: helenasyncd is stopping
jeu. déc. 29 10:32:49 2011 Daemon: helenasyncd has started as pid 26099
Retrieving data from servers
No  process running. Exiting ...
Thu Dec 29 10:32:51 2011 Normal: recursive startup rsync: /home/fullbright/scripts/ -> sergio@home.afanou.com:/media/DATA/SERGIO-PC/sergio/syncwin/
sending incremental file list

sent 1923 bytes  received 22 bytes  778.00 bytes/sec
total size is 5891582  speedup is 3029.09
